<?xml version="1.0" encoding="UTF-8"?>
<testsuite xmlns:xsi="http://www.w3.org/2001/XMLSchema-instance" xsi:schemaLocation="https://maven.apache.org/surefire/maven-surefire-plugin/xsd/surefire-test-report.xsd" name="test.java.CalculTest" time="0.041" tests="6" errors="0" skipped="0" failures="0">
  <properties>
[...]
</properties>
  <testcase name="test.java.CalculTest.testSomme" classname="test.java.CalculTest" time="0.031"/>
  <testcase name="test.java.CalculTest.testConstructeur" classname="test.java.CalculTest" time="0"/>
  <testcase name="test.java.CalculTest.testMaFonction2" classname="test.java.CalculTest" time="0"/>
  <testcase name="test.java.CalculTest.testDivision2" classname="test.java.CalculTest" time="0"/>
  <testcase name="test.java.CalculTest.testMaFonction1" classname="test.java.CalculTest" time="0"/>
  <testcase name="test.java.CalculTest.testDivision" classname="test.java.CalculTest" time="0"/>
</testsuite>